#
# There is insufficient memory for the Java Runtime Environment to continue.
# Cannot create GC thread. Out of system resources.
# Possible reasons:
#   The system is out of physical RAM or swap space
#   In 32 bit mode, the process size limit was hit
# Possible solutions:
#   Reduce memory load on the system
#   Increase physical memory or swap space
#   Check if swap backing store is full
#   Use 64 bit Java on a 64 bit OS
#   Decrease Java heap size (-Xmx/-Xms)
#   Decrease number of Java threads
#   Decrease Java thread stack sizes (-Xss)
#   Set larger code cache with -XX:ReservedCodeCacheSize=
# This output file may be truncated or incomplete.
#
#  Out of Memory Error (gcTaskThread.cpp:46), pid=20480, tid=140263174137664
#
# JRE version:  (8.0_05-b13) (build )
# Java VM: Java HotSpot(TM) 64-Bit Server VM (25.5-b02 mixed mode linux-amd64 compressed oops)
# Failed to write core dump. Core dumps have been disabled. To enable core dumping, try "ulimit -c unlimited" before starting Java again
#

---------------  T H R E A D  ---------------

Current thread (0x0000000000e9d800):  JavaThread "Unknown thread" [_thread_in_vm, id=20480, stack(0x00007fff916b5000,0x00007fff917b5000)]

Stack: [0x00007fff916b5000,0x00007fff917b5000],  sp=0x00007fff917adab0,  free space=994k
Native frames: (J=compiled Java code, j=interpreted, Vv=VM code, C=native code)
V  [libjvm.so+0xa2f43a]  VMError::report_and_die()+0x2ca
V  [libjvm.so+0x4b2d5b]  report_vm_out_of_memory(char const*, int, unsigned long, VMErrorType, char const*)+0x8b
V  [libjvm.so+0x57516f]  GCTaskThread::GCTaskThread(GCTaskManager*, unsigned int, unsigned int)+0x11f
V  [libjvm.so+0x5746d8]  GCTaskManager::initialize()+0x2c8
V  [libjvm.so+0x8bf74b]  ParallelScavengeHeap::initialize()+0x32b
V  [libjvm.so+0x9fd783]  Universe::initialize_heap()+0xe3
V  [libjvm.so+0x9fdbc4]  universe_init()+0x64
V  [libjvm.so+0x5d45c5]  init_globals()+0x65
V  [libjvm.so+0x9e44ad]  Threads::create_vm(JavaVMInitArgs*, bool*)+0x24d
V  [libjvm.so+0x6659f4]  JNI_CreateJavaVM+0x74
C  [libjli.so+0x703e]  JavaMain+0x9e
C  [libjli.so+0xace3]  ContinueInNewThread0+0x63
C  [libjli.so+0x663a]  ContinueInNewThread+0x7a
C  [libjli.so+0x9250]  JLI_Launch+0x480
C  [java+0x696]  __libc_start_main@@GLIBC_2.2.5+0x696


---------------  P R O C E S S  ---------------

Java Threads: ( => current thread )

Other Threads:

=>0x0000000000e9d800 (exited) JavaThread "Unknown thread" [_thread_in_vm, id=20480, stack(0x00007fff916b5000,0x00007fff917b5000)]

VM state:not at safepoint (not fully initialized)

VM Mutex/Monitor currently owned by a thread: None

GC Heap History (0 events):
No events

Deoptimization events (0 events):
No events

Internal exceptions (0 events):
No events

Events (0 events):
No events


Dynamic libraries:
00400000-00401000 r-xp 00000000 fd:00 2892207                            /usr/java/jdk1.8.0_05/bin/java
00600000-00601000 rw-p 00000000 fd:00 2892207                            /usr/java/jdk1.8.0_05/bin/java
00e92000-00ed4000 rw-p 00000000 00:00 0                                  [heap]
723c00000-729680000 rw-p 00000000 00:00 0 
729680000-78bf00000 ---p 00000000 00:00 0 
78bf00000-78c080000 rw-p 00000000 00:00 0 
78c080000-7c0000000 ---p 00000000 00:00 0 
3404000000-3404021000 r-xp 00000000 fd:00 2640558                        /usr/lib64/ld-2.17.so
3404220000-3404221000 r--p 00020000 fd:00 2640558                        /usr/lib64/ld-2.17.so
3404221000-3404222000 rw-p 00021000 fd:00 2640558                        /usr/lib64/ld-2.17.so
3404222000-3404223000 rw-p 00000000 00:00 0 
3404400000-34045b6000 r-xp 00000000 fd:00 2640561                        /usr/lib64/libc-2.17.so
34045b6000-34047b6000 ---p 001b6000 fd:00 2640561                        /usr/lib64/libc-2.17.so
34047b6000-34047ba000 r--p 001b6000 fd:00 2640561                        /usr/lib64/libc-2.17.so
34047ba000-34047bc000 rw-p 001ba000 fd:00 2640561                        /usr/lib64/libc-2.17.so
34047bc000-34047c1000 rw-p 00000000 00:00 0 
3404800000-3404816000 r-xp 00000000 fd:00 2640562                        /usr/lib64/libpthread-2.17.so
3404816000-3404a16000 ---p 00016000 fd:00 2640562                        /usr/lib64/libpthread-2.17.so
3404a16000-3404a17000 r--p 00016000 fd:00 2640562                        /usr/lib64/libpthread-2.17.so
3404a17000-3404a18000 rw-p 00017000 fd:00 2640562                        /usr/lib64/libpthread-2.17.so
3404a18000-3404a1c000 rw-p 00000000 00:00 0 
3404c00000-3404c03000 r-xp 00000000 fd:00 2640570                        /usr/lib64/libdl-2.17.so
3404c03000-3404e02000 ---p 00003000 fd:00 2640570                        /usr/lib64/libdl-2.17.so
3404e02000-3404e03000 r--p 00002000 fd:00 2640570                        /usr/lib64/libdl-2.17.so
3404e03000-3404e04000 rw-p 00003000 fd:00 2640570                        /usr/lib64/libdl-2.17.so
3405000000-3405101000 r-xp 00000000 fd:00 2640563                        /usr/lib64/libm-2.17.so
3405101000-3405300000 ---p 00101000 fd:00 2640563                        /usr/lib64/libm-2.17.so
3405300000-3405301000 r--p 00100000 fd:00 2640563                        /usr/lib64/libm-2.17.so
3405301000-3405302000 rw-p 00101000 fd:00 2640563                        /usr/lib64/libm-2.17.so
3405c00000-3405c07000 r-xp 00000000 fd:00 2640578                        /usr/lib64/librt-2.17.so
3405c07000-3405e06000 ---p 00007000 fd:00 2640578                        /usr/lib64/librt-2.17.so
3405e06000-3405e07000 r--p 00006000 fd:00 2640578                        /usr/lib64/librt-2.17.so
3405e07000-3405e08000 rw-p 00007000 fd:00 2640578                        /usr/lib64/librt-2.17.so
7f917f3bc000-7f917f652000 rw-p 00000000 00:00 0 
7f917f652000-7f917f966000 ---p 00000000 00:00 0 
7f917f966000-7f917f994000 rw-p 00000000 00:00 0 
7f917f994000-7f917fca7000 ---p 00000000 00:00 0 
7f917fca7000-7f917fca9000 rw-p 00000000 00:00 0 
7f917fca9000-7f917fe48000 ---p 00000000 00:00 0 
7f917fe48000-7f917fe53000 rw-p 00000000 00:00 0 
7f917fe53000-7f9180209000 ---p 00000000 00:00 0 
7f9180209000-7f9180479000 rwxp 00000000 00:00 0 
7f9180479000-7f918f209000 ---p 00000000 00:00 0 
7f918f209000-7f918f225000 r-xp 00000000 fd:00 2892387                    /usr/java/jdk1.8.0_05/jre/lib/amd64/libzip.so
7f918f225000-7f918f424000 ---p 0001c000 fd:00 2892387                    /usr/java/jdk1.8.0_05/jre/lib/amd64/libzip.so
7f918f424000-7f918f425000 rw-p 0001b000 fd:00 2892387                    /usr/java/jdk1.8.0_05/jre/lib/amd64/libzip.so
7f918f425000-7f918f431000 r-xp 00000000 fd:00 2633848                    /usr/lib64/libnss_files-2.17.so
7f918f431000-7f918f630000 ---p 0000c000 fd:00 2633848                    /usr/lib64/libnss_files-2.17.so
7f918f630000-7f918f631000 r--p 0000b000 fd:00 2633848                    /usr/lib64/libnss_files-2.17.so
7f918f631000-7f918f632000 rw-p 0000c000 fd:00 2633848                    /usr/lib64/libnss_files-2.17.so
7f918f657000-7f918f681000 r-xp 00000000 fd:00 2892352                    /usr/java/jdk1.8.0_05/jre/lib/amd64/libjava.so
7f918f681000-7f918f881000 ---p 0002a000 fd:00 2892352                    /usr/java/jdk1.8.0_05/jre/lib/amd64/libjava.so
7f918f881000-7f918f883000 rw-p 0002a000 fd:00 2892352                    /usr/java/jdk1.8.0_05/jre/lib/amd64/libjava.so
7f918f883000-7f918f890000 r-xp 00000000 fd:00 2892386                    /usr/java/jdk1.8.0_05/jre/lib/amd64/libverify.so
7f918f890000-7f918fa90000 ---p 0000d000 fd:00 2892386                    /usr/java/jdk1.8.0_05/jre/lib/amd64/libverify.so
7f918fa90000-7f918fa92000 rw-p 0000d000 fd:00 2892386                    /usr/java/jdk1.8.0_05/jre/lib/amd64/libverify.so
7f918fa92000-7f918fa93000 ---p 00000000 00:00 0 
7f918fa93000-7f918fb93000 rw-p 00000000 00:00 0 
7f918fb93000-7f91907ad000 r-xp 00000000 fd:00 2892391                    /usr/java/jdk1.8.0_05/jre/lib/amd64/server/libjvm.so
7f91907ad000-7f91909ac000 ---p 00c1a000 fd:00 2892391                    /usr/java/jdk1.8.0_05/jre/lib/amd64/server/libjvm.so
7f91909ac000-7f9190a75000 rw-p 00c19000 fd:00 2892391                    /usr/java/jdk1.8.0_05/jre/lib/amd64/server/libjvm.so
7f9190a75000-7f9190ab9000 rw-p 00000000 00:00 0 
7f9190ab9000-7f9190ad0000 r-xp 00000000 fd:00 660821                     /usr/java/jdk1.8.0_05/lib/amd64/jli/libjli.so
7f9190ad0000-7f9190ccf000 ---p 00017000 fd:00 660821                     /usr/java/jdk1.8.0_05/lib/amd64/jli/libjli.so
7f9190ccf000-7f9190cd0000 rw-p 00016000 fd:00 660821                     /usr/java/jdk1.8.0_05/lib/amd64/jli/libjli.so
7f9190cd0000-7f9190cd1000 rw-p 00000000 00:00 0 
7f9190ce9000-7f9190cec000 rw-p 00000000 00:00 0 
7f9190cec000-7f9190cf4000 rw-s 00000000 00:1f 605311                     /tmp/hsperfdata_damianarellanes/20480
7f9190cf4000-7f9190cf5000 rw-p 00000000 00:00 0 
7f9190cf5000-7f9190cf6000 r--p 00000000 00:00 0 
7f9190cf6000-7f9190cf7000 rw-p 00000000 00:00 0 
7fff916b5000-7fff916b8000 ---p 00000000 00:00 0 
7fff916b9000-7fff917b5000 rw-p 00000000 00:00 0                          [stack]
7fff917fe000-7fff91800000 r-xp 00000000 00:00 0                          [vdso]
ffffffffff600000-ffffffffff601000 r-xp 00000000 00:00 0                  [vsyscall]

VM Arguments:
jvm_args: -Dfile.encoding=UTF-8 -Xmx2500M 
java_command: peersim.Simulator example-test.txt
java_class_path (initial): /home/damianarellanes/Documentos/APIS/Myconet/collections-generic-4.01.jar:/home/damianarellanes/Documentos/APIS/Myconet/colt-1.2.0.jar:/home/damianarellanes/Documentos/APIS/Myconet/commons-math3-3.1.jar:/home/damianarellanes/Documentos/APIS/Myconet/djep-1.0.0.jar:/home/damianarellanes/Documentos/APIS/Myconet/gnujaxp.jar:/home/damianarellanes/Documentos/APIS/Myconet/guava-r09-rc1.jar:/home/damianarellanes/Documentos/APIS/Myconet/jcommon-1.0.15.jar:/home/damianarellanes/Documentos/APIS/Myconet/jcommon-xml-1.0.15.jar:/home/damianarellanes/Documentos/APIS/Myconet/jep-2.3.0.jar:/home/damianarellanes/Documentos/APIS/Myconet/jfreechart-1.0.12-experimental.jar:/home/damianarellanes/Documentos/APIS/Myconet/jfreechart-1.0.12-swt.jar:/home/damianarellanes/Documentos/APIS/Myconet/jfreechart-1.0.12.jar:/home/damianarellanes/Documentos/APIS/Myconet/jung-algorithms-2.0.1.jar:/home/damianarellanes/Documentos/APIS/Myconet/jung-api-2.0.1.jar:/home/damianarellanes/Documentos/APIS/Myconet/jung-graph-impl-2.0.1.jar:/home/damianarellanes/Documentos/APIS/Myconet/jung-io-2.0.1.jar:/home/damianarellanes/Documentos/APIS/Myconet/jung-jai-2.0.1.jar:/home/damianarellanes/Documentos/APIS/Myconet/jung-jai-samples-2.0.1.jar:/home/damianarellanes/Documentos/APIS/Myconet/jung-samples-2.0.1.jar:/home/damianarellanes/Documentos/APIS/Myconet/jung-visualization-2.0.1.jar:/home/damianarellanes/Documentos/APIS/Myconet/junit.jar:/home/damianarellanes/Documentos/APIS/Myconet/peersim-doclet.jar:/home/damianarellanes/Documentos/APIS/Myconet/redstone-xmlrpc-1.1.1.jar:/home/damianarellanes/Documentos/APIS/Myconet/redstone-xmlrpc-client-1.1.1.jar:/home/damianarellanes/Documentos/APIS/Myconet/servlet.jar:/home/damianarellanes/Documentos/APIS/Myconet/swtgraphics2d.jar:/home/damianarellanes/Documentos/APIS/Myconet/ws-commons-util-1.0.2.jar:/home/damianarellanes/Documentos/APIS/Peersim1.0.5/Peersim.jar:/home/damianarellanes/Documentos/APIS/SQLite/sqlite-jdbc-3.8.7.jar:/home/damianarella
Launcher Type: SUN_STANDARD

Environment Variables:
PATH=/usr/lib64/qt-3.3/bin:/usr/local/bin:/usr/bin:/bin:/usr/local/sbin:/usr/sbin:/home/damianarellanes/.local/bin:/home/damianarellanes/bin
USERNAME=damianarellanes
LD_LIBRARY_PATH=/usr/java/jdk1.8.0_05/jre/lib/amd64:/usr/java/jdk1.8.0_05/jre/lib/i386:
SHELL=/bin/bash
DISPLAY=:0

Signal Handlers:
SIGSEGV: [libjvm.so+0xa2fc90], sa_mask[0]=0x7ffbfeff, sa_flags=0x10000004
SIGBUS: [libjvm.so+0xa2fc90], sa_mask[0]=0x7ffbfeff, sa_flags=0x10000004
SIGFPE: [libjvm.so+0x89b4b0], sa_mask[0]=0x7ffbfeff, sa_flags=0x10000004
SIGPIPE: [libjvm.so+0x89b4b0], sa_mask[0]=0x7ffbfeff, sa_flags=0x10000004
SIGXFSZ: [libjvm.so+0x89b4b0], sa_mask[0]=0x7ffbfeff, sa_flags=0x10000004
SIGILL: [libjvm.so+0x89b4b0], sa_mask[0]=0x7ffbfeff, sa_flags=0x10000004
SIGUSR1: SIG_DFL, sa_mask[0]=0x00000000, sa_flags=0x00000000
SIGUSR2: [libjvm.so+0x89cc50], sa_mask[0]=0x00000004, sa_flags=0x10000004
SIGHUP: SIG_DFL, sa_mask[0]=0x00000000, sa_flags=0x00000000
SIGINT: SIG_IGN, sa_mask[0]=0x00000000, sa_flags=0x00000000
SIGTERM: SIG_DFL, sa_mask[0]=0x00000000, sa_flags=0x00000000
SIGQUIT: SIG_DFL, sa_mask[0]=0x00000000, sa_flags=0x00000000


---------------  S Y S T E M  ---------------

OS:Fedora release 19 (Schrödinger’s Cat)

uname:Linux 3.9.9-302.fc19.x86_64 #1 SMP Sat Jul 6 13:41:07 UTC 2013 x86_64
libc:glibc 2.17 NPTL 2.17 
rlimit: STACK 8192k, CORE 0k, NPROC 1024, NOFILE 4096, AS infinity
load average:1.30 0.76 0.67

/proc/meminfo:
MemTotal:        5993576 kB
MemFree:          884452 kB
Buffers:           95324 kB
Cached:          1204436 kB
SwapCached:         4228 kB
Active:          3235376 kB
Inactive:        1435048 kB
Active(anon):    2726172 kB
Inactive(anon):  1047284 kB
Active(file):     509204 kB
Inactive(file):   387764 kB
Unevictable:          88 kB
Mlocked:              88 kB
SwapTotal:       6045692 kB
SwapFree:        5969648 kB
Dirty:              5876 kB
Writeback:             0 kB
AnonPages:       3366584 kB
Mapped:           177396 kB
Shmem:            402824 kB
Slab:             242792 kB
SReclaimable:     161156 kB
SUnreclaim:        81636 kB
KernelStack:       10088 kB
PageTables:        67384 kB
NFS_Unstable:          0 kB
Bounce:                0 kB
WritebackTmp:          0 kB
CommitLimit:     9042480 kB
Committed_AS:    8344980 kB
VmallocTotal:   34359738367 kB
VmallocUsed:      641368 kB
VmallocChunk:   34359091732 kB
HardwareCorrupted:     0 kB
AnonHugePages:   1486848 kB
HugePages_Total:       0
HugePages_Free:        0
HugePages_Rsvd:        0
HugePages_Surp:        0
Hugepagesize:       2048 kB
DirectMap4k:      125692 kB
DirectMap2M:     6045696 kB


CPU:total 8 (4 cores per cpu, 2 threads per core) family 6 model 58 stepping 9, cmov, cx8, fxsr, mmx, sse, sse2, sse3, ssse3, sse4.1, sse4.2, popcnt, avx, aes, clmul, erms, ht, tsc, tscinvbit

/proc/cpuinfo:
processor	: 0
vendor_id	: GenuineIntel
cpu family	: 6
model		: 58
model name	: Intel(R) Core(TM) i7-3630QM CPU @ 2.40GHz
stepping	: 9
microcode	: 0x17
cpu MHz		: 2401.000
cache size	: 6144 KB
physical id	: 0
siblings	: 8
core id		: 0
cpu cores	: 4
apicid		: 0
initial apicid	: 0
fpu		: yes
fpu_exception	: yes
cpuid level	: 13
wp		: yes
flags		: fpu vme de pse tsc msr pae mce cx8 apic sep mtrr pge mca cmov pat pse36 clflush dts acpi mmx fxsr sse sse2 ss ht tm pbe syscall nx rdtscp lm constant_tsc arch_perfmon pebs bts rep_good nopl xtopology nonstop_tsc aperfmperf eagerfpu pni pclmulqdq dtes64 monitor ds_cpl vmx est tm2 ssse3 cx16 xtpr pdcm pcid sse4_1 sse4_2 x2apic popcnt tsc_deadline_timer aes xsave avx f16c rdrand lahf_lm ida arat epb xsaveopt pln pts dtherm tpr_shadow vnmi flexpriority ept vpid fsgsbase smep erms
bogomips	: 4788.82
clflush size	: 64
cache_alignment	: 64
address sizes	: 36 bits physical, 48 bits virtual
power management:

processor	: 1
vendor_id	: GenuineIntel
cpu family	: 6
model		: 58
model name	: Intel(R) Core(TM) i7-3630QM CPU @ 2.40GHz
stepping	: 9
microcode	: 0x17
cpu MHz		: 1200.000
cache size	: 6144 KB
physical id	: 0
siblings	: 8
core id		: 0
cpu cores	: 4
apicid		: 1
initial apicid	: 1
fpu		: yes
fpu_exception	: yes
cpuid level	: 13
wp		: yes
flags		: fpu vme de pse tsc msr pae mce cx8 apic sep mtrr pge mca cmov pat pse36 clflush dts acpi mmx fxsr sse sse2 ss ht tm pbe syscall nx rdtscp lm constant_tsc arch_perfmon pebs bts rep_good nopl xtopology nonstop_tsc aperfmperf eagerfpu pni pclmulqdq dtes64 monitor ds_cpl vmx est tm2 ssse3 cx16 xtpr pdcm pcid sse4_1 sse4_2 x2apic popcnt tsc_deadline_timer aes xsave avx f16c rdrand lahf_lm ida arat epb xsaveopt pln pts dtherm tpr_shadow vnmi flexpriority ept vpid fsgsbase smep erms
bogomips	: 4788.82
clflush size	: 64
cache_alignment	: 64
address sizes	: 36 bits physical, 48 bits virtual
power management:

processor	: 2
vendor_id	: GenuineIntel
cpu family	: 6
model		: 58
model name	: Intel(R) Core(TM) i7-3630QM CPU @ 2.40GHz
stepping	: 9
microcode	: 0x17
cpu MHz		: 1200.000
cache size	: 6144 KB
physical id	: 0
siblings	: 8
core id		: 1
cpu cores	: 4
apicid		: 2
initial apicid	: 2
fpu		: yes
fpu_exception	: yes
cpuid level	: 13
wp		: yes
flags		: fpu vme de pse tsc msr pae mce cx8 apic sep mtrr pge mca cmov pat pse36 clflush dts acpi mmx fxsr sse sse2 ss ht tm pbe syscall nx rdtscp lm constant_tsc arch_perfmon pebs bts rep_good nopl xtopology nonstop_tsc aperfmperf eagerfpu pni pclmulqdq dtes64 monitor ds_cpl vmx est tm2 ssse3 cx16 xtpr pdcm pcid sse4_1 sse4_2 x2apic popcnt tsc_deadline_timer aes xsave avx f16c rdrand lahf_lm ida arat epb xsaveopt pln pts dtherm tpr_shadow vnmi flexpriority ept vpid fsgsbase smep erms
bogomips	: 4788.82
clflush size	: 64
cache_alignment	: 64
address sizes	: 36 bits physical, 48 bits virtual
power management:

processor	: 3
vendor_id	: GenuineIntel
cpu family	: 6
model		: 58
model name	: Intel(R) Core(TM) i7-3630QM CPU @ 2.40GHz
stepping	: 9
microcode	: 0x17
cpu MHz		: 2000.000
cache size	: 6144 KB
physical id	: 0
siblings	: 8
core id		: 1
cpu cores	: 4
apicid		: 3
initial apicid	: 3
fpu		: yes
fpu_exception	: yes
cpuid level	: 13
wp		: yes
flags		: fpu vme de pse tsc msr pae mce cx8 apic sep mtrr pge mca cmov pat pse36 clflush dts acpi mmx fxsr sse sse2 ss ht tm pbe syscall nx rdtscp lm constant_tsc arch_perfmon pebs bts rep_good nopl xtopology nonstop_tsc aperfmperf eagerfpu pni pclmulqdq dtes64 monitor ds_cpl vmx est tm2 ssse3 cx16 xtpr pdcm pcid sse4_1 sse4_2 x2apic popcnt tsc_deadline_timer aes xsave avx f16c rdrand lahf_lm ida arat epb xsaveopt pln pts dtherm tpr_shadow vnmi flexpriority ept vpid fsgsbase smep erms
bogomips	: 4788.82
clflush size	: 64
cache_alignment	: 64
address sizes	: 36 bits physical, 48 bits virtual
power management:

processor	: 4
vendor_id	: GenuineIntel
cpu family	: 6
model		: 58
model name	: Intel(R) Core(TM) i7-3630QM CPU @ 2.40GHz
stepping	: 9
microcode	: 0x17
cpu MHz		: 1800.000
cache size	: 6144 KB
physical id	: 0
siblings	: 8
core id		: 2
cpu cores	: 4
apicid		: 4
initial apicid	: 4
fpu		: yes
fpu_exception	: yes
cpuid level	: 13
wp		: yes
flags		: fpu vme de pse tsc msr pae mce cx8 apic sep mtrr pge mca cmov pat pse36 clflush dts acpi mmx fxsr sse sse2 ss ht tm pbe syscall nx rdtscp lm constant_tsc arch_perfmon pebs bts rep_good nopl xtopology nonstop_tsc aperfmperf eagerfpu pni pclmulqdq dtes64 monitor ds_cpl vmx est tm2 ssse3 cx16 xtpr pdcm pcid sse4_1 sse4_2 x2apic popcnt tsc_deadline_timer aes xsave avx f16c rdrand lahf_lm ida arat epb xsaveopt pln pts dtherm tpr_shadow vnmi flexpriority ept vpid fsgsbase smep erms
bogomips	: 4788.82
clflush size	: 64
cache_alignment	: 64
address sizes	: 36 bits physical, 48 bits virtual
power management:

processor	: 5
vendor_id	: GenuineIntel
cpu family	: 6
model		: 58
model name	: Intel(R) Core(TM) i7-3630QM CPU @ 2.40GHz
stepping	: 9
microcode	: 0x17
cpu MHz		: 2401.000
cache size	: 6144 KB
physical id	: 0
siblings	: 8
core id		: 2
cpu cores	: 4
apicid		: 5
initial apicid	: 5
fpu		: yes
fpu_exception	: yes
cpuid level	: 13
wp		: yes
flags		: fpu vme de pse tsc msr pae mce cx8 apic sep mtrr pge mca cmov pat pse36 clflush dts acpi mmx fxsr sse sse2 ss ht tm pbe syscall nx rdtscp lm constant_tsc arch_perfmon pebs bts rep_good nopl xtopology nonstop_tsc aperfmperf eagerfpu pni pclmulqdq dtes64 monitor ds_cpl vmx est tm2 ssse3 cx16 xtpr pdcm pcid sse4_1 sse4_2 x2apic popcnt tsc_deadline_timer aes xsave avx f16c rdrand lahf_lm ida arat epb xsaveopt pln pts dtherm tpr_shadow vnmi flexpriority ept vpid fsgsbase smep erms
bogomips	: 4788.82
clflush size	: 64
cache_alignment	: 64
address sizes	: 36 bits physical, 48 bits virtual
power management:

processor	: 6
vendor_id	: GenuineIntel
cpu family	: 6
model		: 58
model name	: Intel(R) Core(TM) i7-3630QM CPU @ 2.40GHz
stepping	: 9
microcode	: 0x17
cpu MHz		: 2401.000
cache size	: 6144 KB
physical id	: 0
siblings	: 8
core id		: 3
cpu cores	: 4
apicid		: 6
initial apicid	: 6
fpu		: yes
fpu_exception	: yes
cpuid level	: 13
wp		: yes
flags		: fpu vme de pse tsc msr pae mce cx8 apic sep mtrr pge mca cmov pat pse36 clflush dts acpi mmx fxsr sse sse2 ss ht tm pbe syscall nx rdtscp lm constant_tsc arch_perfmon pebs bts rep_good nopl xtopology nonstop_tsc aperfmperf eagerfpu pni pclmulqdq dtes64 monitor ds_cpl vmx est tm2 ssse3 cx16 xtpr pdcm pcid sse4_1 sse4_2 x2apic popcnt tsc_deadline_timer aes xsave avx f16c rdrand lahf_lm ida arat epb xsaveopt pln pts dtherm tpr_shadow vnmi flexpriority ept vpid fsgsbase smep erms
bogomips	: 4788.82
clflush size	: 64
cache_alignment	: 64
address sizes	: 36 bits physical, 48 bits virtual
power management:

processor	: 7
vendor_id	: GenuineIntel
cpu family	: 6
model		: 58
model name	: Intel(R) Core(TM) i7-3630QM CPU @ 2.40GHz
stepping	: 9
microcode	: 0x17
cpu MHz		: 1200.000
cache size	: 6144 KB
physical id	: 0
siblings	: 8
core id		: 3
cpu cores	: 4
apicid		: 7
initial apicid	: 7
fpu		: yes
fpu_exception	: yes
cpuid level	: 13
wp		: yes
flags		: fpu vme de pse tsc msr pae mce cx8 apic sep mtrr pge mca cmov pat pse36 clflush dts acpi mmx fxsr sse sse2 ss ht tm pbe syscall nx rdtscp lm constant_tsc arch_perfmon pebs bts rep_good nopl xtopology nonstop_tsc aperfmperf eagerfpu pni pclmulqdq dtes64 monitor ds_cpl vmx est tm2 ssse3 cx16 xtpr pdcm pcid sse4_1 sse4_2 x2apic popcnt tsc_deadline_timer aes xsave avx f16c rdrand lahf_lm ida arat epb xsaveopt pln pts dtherm tpr_shadow vnmi flexpriority ept vpid fsgsbase smep erms
bogomips	: 4788.82
clflush size	: 64
cache_alignment	: 64
address sizes	: 36 bits physical, 48 bits virtual
power management:



Memory: 4k page, physical 5993576k(883956k free), swap 6045692k(5969648k free)

vm_info: Java HotSpot(TM) 64-Bit Server VM (25.5-b02) for linux-amd64 JRE (1.8.0_05-b13), built on Mar 18 2014 00:29:27 by "java_re" with gcc 4.3.0 20080428 (Red Hat 4.3.0-8)

time: Mon Nov  3 13:07:11 2014
elapsed time: 0 seconds

